2021-07-25 18:17:04.587 Logs\MailboxCreationAutomation__2021-07-25 18-17-04-583.log is created.
2021-07-25 18:17:04.591 [INFO]    OneDrive 'LidiaH@dpo365backup.onmicrosoft.com' creation started ...
2021-07-25 18:17:09.360 [INFO]    Upload complete, item ID: 01LBNLYR2HYVQEGKULPBH3G37KLMPS3RII
2021-07-25 18:17:09.361 [INFO]    File 'Folder1_1_Set_1_Files1_File_1' and id '01LBNLYR2HYVQEGKULPBH3G37KLMPS3RII' created successfully.
2021-07-25 18:17:11.176 [INFO]    Upload complete, item ID: 01LBNLYR272DECJ5KQSBBIQAXU22Y5PXM2
2021-07-25 18:17:11.178 [INFO]    File 'Folder1_1_Set_1_Files1_File_2' and id '01LBNLYR272DECJ5KQSBBIQAXU22Y5PXM2' created successfully.
2021-07-25 18:17:12.782 [INFO]    Upload complete, item ID: 01LBNLYRZCPM4VMP5PPRF2E5AKQYLAZO7X
2021-07-25 18:17:12.783 [INFO]    File 'Folder1_1_Set_1_Files1_File_3' and id '01LBNLYRZCPM4VMP5PPRF2E5AKQYLAZO7X' created successfully.
2021-07-25 18:17:14.269 [INFO]    Upload complete, item ID: 01LBNLYR653I5VO6USX5CLQAYQCUTKNZDB
2021-07-25 18:17:14.270 [INFO]    File 'Folder1_1_Set_1_Files1_File_4' and id '01LBNLYR653I5VO6USX5CLQAYQCUTKNZDB' created successfully.
2021-07-25 18:17:16.274 [INFO]    Upload complete, item ID: 01LBNLYR6VE3WWUU4DIJBYUSUWCOW5WJBW
2021-07-25 18:17:16.275 [INFO]    File 'Folder1_1_Set_1_Files1_File_5' and id '01LBNLYR6VE3WWUU4DIJBYUSUWCOW5WJBW' created successfully.
2021-07-25 18:17:17.857 [INFO]    Upload complete, item ID: 01LBNLYRYX77BDWPJ4HZA3HWZ6ME2RIIK5
2021-07-25 18:17:17.862 [INFO]    File 'Folder1_1_Set_1_Files1_File_6' and id '01LBNLYRYX77BDWPJ4HZA3HWZ6ME2RIIK5' created successfully.
2021-07-25 18:17:19.543 [INFO]    Upload complete, item ID: 01LBNLYR6DWEBO2JAQ3FEIQSLQNHV2WS6U
2021-07-25 18:17:19.545 [INFO]    File 'Folder1_1_Level_1_Set_1_Files1_File_1' and id '01LBNLYR6DWEBO2JAQ3FEIQSLQNHV2WS6U' created successfully.
2021-07-25 18:17:21.106 [INFO]    Upload complete, item ID: 01LBNLYRZEN24B2FEHRRG3NH56FKGWHHVI
2021-07-25 18:17:21.107 [INFO]    File 'Folder1_1_Level_1_Set_1_Files1_File_2' and id '01LBNLYRZEN24B2FEHRRG3NH56FKGWHHVI' created successfully.
2021-07-25 18:17:22.669 [INFO]    Upload complete, item ID: 01LBNLYRZ5V7BZGWSFWNF3J45UPGSFQDDN
2021-07-25 18:17:22.671 [INFO]    File 'Folder1_1_Level_1_Set_1_Files1_File_3' and id '01LBNLYRZ5V7BZGWSFWNF3J45UPGSFQDDN' created successfully.
2021-07-25 18:17:23.952 [INFO]    Upload complete, item ID: 01LBNLYR2UIRZIYWV455DYHALNSRHLOOVT
2021-07-25 18:17:23.953 [INFO]    File 'Folder1_1_Level_1_Set_1_Files1_File_4' and id '01LBNLYR2UIRZIYWV455DYHALNSRHLOOVT' created successfully.
2021-07-25 18:17:26.034 [INFO]    Upload complete, item ID: 01LBNLYR6YMOPI4HV6TZFKQQDG3COWF74N
2021-07-25 18:17:26.039 [INFO]    File 'Folder1_1_Level_1_Set_1_Files1_File_5' and id '01LBNLYR6YMOPI4HV6TZFKQQDG3COWF74N' created successfully.
2021-07-25 18:17:27.971 [INFO]    Upload complete, item ID: 01LBNLYRZ72BQLJIPXGRCY4C47YL7VEKOE
2021-07-25 18:17:27.973 [INFO]    File 'Folder1_1_Level_1_Set_1_Files1_File_6' and id '01LBNLYRZ72BQLJIPXGRCY4C47YL7VEKOE' created successfully.
2021-07-25 18:17:30.547 [INFO]    Upload complete, item ID: 01LBNLYR6YMYUQCPBIMRDY6MQJWWBSZHXS
2021-07-25 18:17:30.551 [INFO]    File 'Folder1_2_Set_1_Files1_File_1' and id '01LBNLYR6YMYUQCPBIMRDY6MQJWWBSZHXS' created successfully.
2021-07-25 18:17:32.823 [INFO]    Upload complete, item ID: 01LBNLYRYLRPQUEFQ2KJC2J22EQHL55YFV
2021-07-25 18:17:32.824 [INFO]    File 'Folder1_2_Set_1_Files1_File_2' and id '01LBNLYRYLRPQUEFQ2KJC2J22EQHL55YFV' created successfully.
2021-07-25 18:17:35.002 [INFO]    Upload complete, item ID: 01LBNLYR6NLOACVS5GPZFI4QBZHDCINDCF
2021-07-25 18:17:35.012 [INFO]    File 'Folder1_2_Set_1_Files1_File_3' and id '01LBNLYR6NLOACVS5GPZFI4QBZHDCINDCF' created successfully.
2021-07-25 18:17:36.756 [INFO]    Upload complete, item ID: 01LBNLYR7QB53NHGA7WFDIJTQEB6GK3VPC
2021-07-25 18:17:36.757 [INFO]    File 'Folder1_2_Set_1_Files1_File_4' and id '01LBNLYR7QB53NHGA7WFDIJTQEB6GK3VPC' created successfully.
2021-07-25 18:17:38.472 [INFO]    Upload complete, item ID: 01LBNLYR5WJ4NWMCAJVVH3RG5XF6IY4KB4
2021-07-25 18:17:38.474 [INFO]    File 'Folder1_2_Set_1_Files1_File_5' and id '01LBNLYR5WJ4NWMCAJVVH3RG5XF6IY4KB4' created successfully.
2021-07-25 18:17:40.304 [INFO]    Upload complete, item ID: 01LBNLYR4ENQT444DUMJAZ4WVUYOEXNSL4
2021-07-25 18:17:40.308 [INFO]    File 'Folder1_2_Set_1_Files1_File_6' and id '01LBNLYR4ENQT444DUMJAZ4WVUYOEXNSL4' created successfully.
2021-07-25 18:17:42.571 [INFO]    Upload complete, item ID: 01LBNLYR5HBZCQQHH3ZBB2OTHBRCH3QC5K
2021-07-25 18:17:42.572 [INFO]    File 'Folder1_2_Level_1_Set_1_Files1_File_1' and id '01LBNLYR5HBZCQQHH3ZBB2OTHBRCH3QC5K' created successfully.
2021-07-25 18:17:46.003 [INFO]    Upload complete, item ID: 01LBNLYR6HLFQRZFJBJBDZP7FXZS75UWHA
2021-07-25 18:17:46.009 [INFO]    File 'Folder1_2_Level_1_Set_1_Files1_File_2' and id '01LBNLYR6HLFQRZFJBJBDZP7FXZS75UWHA' created successfully.
2021-07-25 18:17:47.949 [INFO]    Upload complete, item ID: 01LBNLYR67TEBTZOJKI5F3YOGNUID2AUCB
2021-07-25 18:17:47.951 [INFO]    File 'Folder1_2_Level_1_Set_1_Files1_File_3' and id '01LBNLYR67TEBTZOJKI5F3YOGNUID2AUCB' created successfully.
2021-07-25 18:17:49.553 [INFO]    Upload complete, item ID: 01LBNLYR6WCNZLZK34XVCL3WUAPAWEV6CG
2021-07-25 18:17:49.554 [INFO]    File 'Folder1_2_Level_1_Set_1_Files1_File_4' and id '01LBNLYR6WCNZLZK34XVCL3WUAPAWEV6CG' created successfully.
2021-07-25 18:17:51.219 [INFO]    Upload complete, item ID: 01LBNLYRYM4UHSMOICKRGYDA4H546IKZAA
2021-07-25 18:17:51.220 [INFO]    File 'Folder1_2_Level_1_Set_1_Files1_File_5' and id '01LBNLYRYM4UHSMOICKRGYDA4H546IKZAA' created successfully.
2021-07-25 18:17:52.737 [INFO]    Upload complete, item ID: 01LBNLYR5BBJYL563Q4NG3BOKHNLFVQJJH
2021-07-25 18:17:52.739 [INFO]    File 'Folder1_2_Level_1_Set_1_Files1_File_6' and id '01LBNLYR5BBJYL563Q4NG3BOKHNLFVQJJH' created successfully.
2021-07-25 18:17:56.976 [INFO]    Upload complete, item ID: 01LBNLYR5BPVAMNRVHSZAJIN5QCZ6H4U3I
2021-07-25 18:17:56.977 [INFO]    File 'Folder1_3_Set_1_Files1_File_1' and id '01LBNLYR5BPVAMNRVHSZAJIN5QCZ6H4U3I' created successfully.
2021-07-25 18:17:59.512 [INFO]    Upload complete, item ID: 01LBNLYRZ77BI52JKPVFCK4OTOJO6J3MAV
2021-07-25 18:17:59.516 [INFO]    File 'Folder1_3_Set_1_Files1_File_2' and id '01LBNLYRZ77BI52JKPVFCK4OTOJO6J3MAV' created successfully.
2021-07-25 18:18:00.996 [INFO]    Upload complete, item ID: 01LBNLYRY5N4GVIYZ2RRF2GGYMQJC4EDX5
2021-07-25 18:18:00.997 [INFO]    File 'Folder1_3_Set_1_Files1_File_3' and id '01LBNLYRY5N4GVIYZ2RRF2GGYMQJC4EDX5' created successfully.
2021-07-25 18:18:10.695 [INFO]    Upload complete, item ID: 01LBNLYRYKANQNI255ENHYPKN6C6EDKH3A
2021-07-25 18:18:10.697 [INFO]    File 'Folder1_3_Set_1_Files1_File_4' and id '01LBNLYRYKANQNI255ENHYPKN6C6EDKH3A' created successfully.
2021-07-25 18:18:12.620 [INFO]    Upload complete, item ID: 01LBNLYR7S6IBQBDOA3ZF3N5UVHMIZDLXH
2021-07-25 18:18:12.625 [INFO]    File 'Folder1_3_Set_1_Files1_File_5' and id '01LBNLYR7S6IBQBDOA3ZF3N5UVHMIZDLXH' created successfully.
2021-07-25 18:18:14.396 [INFO]    Upload complete, item ID: 01LBNLYR4EYLQ5ZEN5XZG334WQ6MBHA67X
2021-07-25 18:18:14.399 [INFO]    File 'Folder1_3_Set_1_Files1_File_6' and id '01LBNLYR4EYLQ5ZEN5XZG334WQ6MBHA67X' created successfully.
2021-07-25 18:18:17.172 [INFO]    Upload complete, item ID: 01LBNLYR7JE2FQGM55UFEKXTEXDWIDJVDZ
2021-07-25 18:18:17.178 [INFO]    File 'Folder1_3_Level_1_Set_1_Files1_File_1' and id '01LBNLYR7JE2FQGM55UFEKXTEXDWIDJVDZ' created successfully.
2021-07-25 18:18:18.697 [INFO]    Upload complete, item ID: 01LBNLYR4YDBGICRQQW5FIG6Y3CEBXFZYX
2021-07-25 18:18:18.699 [INFO]    File 'Folder1_3_Level_1_Set_1_Files1_File_2' and id '01LBNLYR4YDBGICRQQW5FIG6Y3CEBXFZYX' created successfully.
2021-07-25 18:18:20.102 [INFO]    Upload complete, item ID: 01LBNLYR2RET5PVDRRMRAISWNTMX5FAGI6
2021-07-25 18:18:20.104 [INFO]    File 'Folder1_3_Level_1_Set_1_Files1_File_3' and id '01LBNLYR2RET5PVDRRMRAISWNTMX5FAGI6' created successfully.
2021-07-25 18:18:21.672 [INFO]    Upload complete, item ID: 01LBNLYR5M4HXUKCXJ7FDKNEBLM7U6C3WP
2021-07-25 18:18:21.675 [INFO]    File 'Folder1_3_Level_1_Set_1_Files1_File_4' and id '01LBNLYR5M4HXUKCXJ7FDKNEBLM7U6C3WP' created successfully.
2021-07-25 18:18:23.092 [INFO]    Upload complete, item ID: 01LBNLYRYQ3CGY5KIYRFEIFXT3R5AK4SCC
2021-07-25 18:18:23.096 [INFO]    File 'Folder1_3_Level_1_Set_1_Files1_File_5' and id '01LBNLYRYQ3CGY5KIYRFEIFXT3R5AK4SCC' created successfully.
2021-07-25 18:18:24.770 [INFO]    Upload complete, item ID: 01LBNLYR2TAUC4RTF7TJHJTICLIG63ANU3
2021-07-25 18:18:24.773 [INFO]    File 'Folder1_3_Level_1_Set_1_Files1_File_6' and id '01LBNLYR2TAUC4RTF7TJHJTICLIG63ANU3' created successfully.
2021-07-25 18:18:27.144 [INFO]    Upload complete, item ID: 01LBNLYR5FJNVH4XEEBVAY53TFJRDLCHY6
2021-07-25 18:18:27.145 [INFO]    File 'Folder1_4_Set_1_Files1_File_1' and id '01LBNLYR5FJNVH4XEEBVAY53TFJRDLCHY6' created successfully.
2021-07-25 18:18:29.228 [INFO]    Upload complete, item ID: 01LBNLYR7WMHBF4CIC6BH2MK5W3IFJP7JU
2021-07-25 18:18:29.231 [INFO]    File 'Folder1_4_Set_1_Files1_File_2' and id '01LBNLYR7WMHBF4CIC6BH2MK5W3IFJP7JU' created successfully.
2021-07-25 18:18:31.330 [INFO]    Upload complete, item ID: 01LBNLYR6ETEDPCOWC6RC37CVIAUJ62HRG
2021-07-25 18:18:31.334 [INFO]    File 'Folder1_4_Set_1_Files1_File_3' and id '01LBNLYR6ETEDPCOWC6RC37CVIAUJ62HRG' created successfully.
2021-07-25 18:18:33.125 [INFO]    Upload complete, item ID: 01LBNLYR6KI3Z2N6SSM5EKIUN4UWVUR3OY
2021-07-25 18:18:33.127 [INFO]    File 'Folder1_4_Set_1_Files1_File_4' and id '01LBNLYR6KI3Z2N6SSM5EKIUN4UWVUR3OY' created successfully.
2021-07-25 18:18:35.193 [INFO]    Upload complete, item ID: 01LBNLYR2OWLOCT5VAVJC36NV765JNDKQS
2021-07-25 18:18:35.196 [INFO]    File 'Folder1_4_Set_1_Files1_File_5' and id '01LBNLYR2OWLOCT5VAVJC36NV765JNDKQS' created successfully.
2021-07-25 18:18:37.149 [INFO]    Upload complete, item ID: 01LBNLYRYWOURJ664JOZD2TR7X2KUVZPLO
2021-07-25 18:18:37.155 [INFO]    File 'Folder1_4_Set_1_Files1_File_6' and id '01LBNLYRYWOURJ664JOZD2TR7X2KUVZPLO' created successfully.
2021-07-25 18:18:40.228 [INFO]    Upload complete, item ID: 01LBNLYR2AOBYHBH4NFJG2HIAHDAMMKQ7I
2021-07-25 18:18:40.230 [INFO]    File 'Folder1_4_Level_1_Set_1_Files1_File_1' and id '01LBNLYR2AOBYHBH4NFJG2HIAHDAMMKQ7I' created successfully.
2021-07-25 18:18:42.570 [INFO]    Upload complete, item ID: 01LBNLYRY5W42U4GVSFNAJJ3VVER36STE6
2021-07-25 18:18:42.572 [INFO]    File 'Folder1_4_Level_1_Set_1_Files1_File_2' and id '01LBNLYRY5W42U4GVSFNAJJ3VVER36STE6' created successfully.
2021-07-25 18:18:44.228 [INFO]    Upload complete, item ID: 01LBNLYR4IYTGX4AUOAJDL24R7Z3YRSEYA
2021-07-25 18:18:44.230 [INFO]    File 'Folder1_4_Level_1_Set_1_Files1_File_3' and id '01LBNLYR4IYTGX4AUOAJDL24R7Z3YRSEYA' created successfully.
2021-07-25 18:18:46.058 [INFO]    Upload complete, item ID: 01LBNLYR5LUSDACVGV2ZG2AYSWA32HC5IS
2021-07-25 18:18:46.060 [INFO]    File 'Folder1_4_Level_1_Set_1_Files1_File_4' and id '01LBNLYR5LUSDACVGV2ZG2AYSWA32HC5IS' created successfully.
2021-07-25 18:18:47.845 [INFO]    Upload complete, item ID: 01LBNLYR7ATJWG6GOVIFB253QMP5PEW2KT
2021-07-25 18:18:47.846 [INFO]    File 'Folder1_4_Level_1_Set_1_Files1_File_5' and id '01LBNLYR7ATJWG6GOVIFB253QMP5PEW2KT' created successfully.
2021-07-25 18:18:49.324 [INFO]    Upload complete, item ID: 01LBNLYR7U72JBFNN2GNCJIWF3K7YKSSC2
2021-07-25 18:18:49.326 [INFO]    File 'Folder1_4_Level_1_Set_1_Files1_File_6' and id '01LBNLYR7U72JBFNN2GNCJIWF3K7YKSSC2' created successfully.
2021-07-25 18:18:52.235 [INFO]    Upload complete, item ID: 01LBNLYR2KA3UXAZWCQZHY3FH7CUKSW5OI
2021-07-25 18:18:52.239 [INFO]    File 'Folder1_5_Set_1_Files1_File_1' and id '01LBNLYR2KA3UXAZWCQZHY3FH7CUKSW5OI' created successfully.
2021-07-25 18:18:54.925 [INFO]    Upload complete, item ID: 01LBNLYR2JW7A6TLLXJNCJNAZWELDC23KC
2021-07-25 18:18:54.931 [INFO]    File 'Folder1_5_Set_1_Files1_File_2' and id '01LBNLYR2JW7A6TLLXJNCJNAZWELDC23KC' created successfully.
2021-07-25 18:18:56.928 [INFO]    Upload complete, item ID: 01LBNLYR4GRJAFK63MRRCK3X5RQ5RUQOMT
2021-07-25 18:18:56.932 [INFO]    File 'Folder1_5_Set_1_Files1_File_3' and id '01LBNLYR4GRJAFK63MRRCK3X5RQ5RUQOMT' created successfully.
2021-07-25 18:19:00.357 [INFO]    Upload complete, item ID: 01LBNLYR4V45SZI26FG5GIF6J3HFLZFSWF
2021-07-25 18:19:00.362 [INFO]    File 'Folder1_5_Set_1_Files1_File_4' and id '01LBNLYR4V45SZI26FG5GIF6J3HFLZFSWF' created successfully.
2021-07-25 18:19:05.054 [INFO]    Upload complete, item ID: 01LBNLYR4XFAKYU3QUGFAZQQHCLTMEFE6C
2021-07-25 18:19:05.057 [INFO]    File 'Folder1_5_Set_1_Files1_File_5' and id '01LBNLYR4XFAKYU3QUGFAZQQHCLTMEFE6C' created successfully.
2021-07-25 18:19:07.012 [INFO]    Upload complete, item ID: 01LBNLYR64ETPSFS3TZ5H25CDQMKMTDUNG
2021-07-25 18:19:07.016 [INFO]    File 'Folder1_5_Set_1_Files1_File_6' and id '01LBNLYR64ETPSFS3TZ5H25CDQMKMTDUNG' created successfully.
2021-07-25 18:19:15.251 [INFO]    Upload complete, item ID: 01LBNLYR3HXL42UPV7BZC233JA4C44ILTJ
2021-07-25 18:19:15.255 [INFO]    File 'Folder1_5_Level_1_Set_1_Files1_File_1' and id '01LBNLYR3HXL42UPV7BZC233JA4C44ILTJ' created successfully.
2021-07-25 18:19:19.269 [INFO]    Upload complete, item ID: 01LBNLYR6TSKXS6JUJRNFIUDGJ7FJCOKGL
2021-07-25 18:19:19.271 [INFO]    File 'Folder1_5_Level_1_Set_1_Files1_File_2' and id '01LBNLYR6TSKXS6JUJRNFIUDGJ7FJCOKGL' created successfully.
2021-07-25 18:19:22.478 [INFO]    Upload complete, item ID: 01LBNLYRZIC6ZGQ7GEDJEJT7HCYXV6OHNO
2021-07-25 18:19:22.480 [INFO]    File 'Folder1_5_Level_1_Set_1_Files1_File_3' and id '01LBNLYRZIC6ZGQ7GEDJEJT7HCYXV6OHNO' created successfully.
2021-07-25 18:19:24.564 [INFO]    Upload complete, item ID: 01LBNLYRYPPLJFYYQG6BBYLLRBBMF3IQJM
2021-07-25 18:19:24.566 [INFO]    File 'Folder1_5_Level_1_Set_1_Files1_File_4' and id '01LBNLYRYPPLJFYYQG6BBYLLRBBMF3IQJM' created successfully.
2021-07-25 18:19:27.146 [INFO]    Upload complete, item ID: 01LBNLYR3ONHB4UHELKNEYF63N2LY2IJS2
2021-07-25 18:19:27.151 [INFO]    File 'Folder1_5_Level_1_Set_1_Files1_File_5' and id '01LBNLYR3ONHB4UHELKNEYF63N2LY2IJS2' created successfully.
2021-07-25 18:19:29.269 [INFO]    Upload complete, item ID: 01LBNLYR2Y5YXYI3S53NF3HR7YFGLTVQUT
2021-07-25 18:19:29.270 [INFO]    File 'Folder1_5_Level_1_Set_1_Files1_File_6' and id '01LBNLYR2Y5YXYI3S53NF3HR7YFGLTVQUT' created successfully.
2021-07-25 18:19:30.687 [INFO]    Upload complete, item ID: 01LBNLYR2XR2W4ZC6JAVBJO5HWRFHX4UAE
2021-07-25 18:19:30.688 [INFO]    File 'Folder2_1_Set_1_Files1_File_1' and id '01LBNLYR2XR2W4ZC6JAVBJO5HWRFHX4UAE' created successfully.
2021-07-25 18:19:32.200 [INFO]    Upload complete, item ID: 01LBNLYR4ZINRQIBY3QNCZCDKU4YNZY7QI
2021-07-25 18:19:32.204 [INFO]    File 'Folder2_1_Level_1_Set_1_Files1_File_1' and id '01LBNLYR4ZINRQIBY3QNCZCDKU4YNZY7QI' created successfully.
2021-07-25 18:19:33.672 [INFO]    Upload complete, item ID: 01LBNLYR3Y2UY6NK3A7ZGYIGZARYJNERZE
2021-07-25 18:19:33.676 [INFO]    File 'Folder2_1_Level_2_Set_1_Files1_File_1' and id '01LBNLYR3Y2UY6NK3A7ZGYIGZARYJNERZE' created successfully.
2021-07-25 18:19:35.151 [INFO]    Upload complete, item ID: 01LBNLYR3SSBDB2PTBPFFLRSADVWBVWEKU
2021-07-25 18:19:35.155 [INFO]    File 'Folder2_1_Level_3_Set_1_Files1_File_1' and id '01LBNLYR3SSBDB2PTBPFFLRSADVWBVWEKU' created successfully.
2021-07-25 18:19:36.638 [INFO]    Upload complete, item ID: 01LBNLYR3RLIFSPLAM45B3WUOCPOD6GK5X
2021-07-25 18:19:36.640 [INFO]    File 'Folder2_1_Level_4_Set_1_Files1_File_1' and id '01LBNLYR3RLIFSPLAM45B3WUOCPOD6GK5X' created successfully.
2021-07-25 18:19:38.177 [INFO]    Upload complete, item ID: 01LBNLYRZWORUQU2UNTRAL6CRNCPXDWR7F
2021-07-25 18:19:38.181 [INFO]    File 'Folder2_1_Level_5_Set_1_Files1_File_1' and id '01LBNLYRZWORUQU2UNTRAL6CRNCPXDWR7F' created successfully.
2021-07-25 18:19:38.192 [INFO]    OneDrive 'LidiaH@dpo365backup.onmicrosoft.com' creation completed successfully.
