2021-07-25 18:07:05.276 Logs\MailboxCreationAutomation__2021-07-25 18-07-05-273.log is created.
2021-07-25 18:07:05.281 [INFO]    OneDrive 'mohit_admin@dpo365backup.onmicrosoft.com' creation started ...
2021-07-25 18:07:09.604 [INFO]    Upload complete, item ID: 01VY6XMNGBNK6Y6AHIBRELD5MRSPSSAGKB
2021-07-25 18:07:09.606 [INFO]    File 'Folder1_1_Set_1_Files1_File_1' and id '01VY6XMNGBNK6Y6AHIBRELD5MRSPSSAGKB' created successfully.
2021-07-25 18:07:11.281 [INFO]    Upload complete, item ID: 01VY6XMNBWU3ZNYXVJYFF3RBZQWCGLNPEP
2021-07-25 18:07:11.283 [INFO]    File 'Folder1_1_Set_1_Files1_File_2' and id '01VY6XMNBWU3ZNYXVJYFF3RBZQWCGLNPEP' created successfully.
2021-07-25 18:07:14.031 [INFO]    Upload complete, item ID: 01VY6XMNDNQYFZFO4RBBAYF4HDMZG2GLWX
2021-07-25 18:07:14.035 [INFO]    File 'Folder1_1_Set_1_Files1_File_3' and id '01VY6XMNDNQYFZFO4RBBAYF4HDMZG2GLWX' created successfully.
2021-07-25 18:07:15.667 [INFO]    Upload complete, item ID: 01VY6XMNELB5Y5D56W55ELV3ZGQEH67HD4
2021-07-25 18:07:15.668 [INFO]    File 'Folder1_1_Set_1_Files1_File_4' and id '01VY6XMNELB5Y5D56W55ELV3ZGQEH67HD4' created successfully.
2021-07-25 18:07:17.355 [INFO]    Upload complete, item ID: 01VY6XMNEBDQWVNL22ZNFLVWFLASAA5PR4
2021-07-25 18:07:17.360 [INFO]    File 'Folder1_1_Set_1_Files1_File_5' and id '01VY6XMNEBDQWVNL22ZNFLVWFLASAA5PR4' created successfully.
2021-07-25 18:07:20.221 [INFO]    Upload complete, item ID: 01VY6XMNHMTCECXFMHRFDLEAKXPL6HQXXM
2021-07-25 18:07:20.224 [INFO]    File 'Folder1_1_Set_1_Files1_File_6' and id '01VY6XMNHMTCECXFMHRFDLEAKXPL6HQXXM' created successfully.
2021-07-25 18:07:22.345 [INFO]    Upload complete, item ID: 01VY6XMNAPVT4M4KF4PBA2Q54QZVEDKFS5
2021-07-25 18:07:22.347 [INFO]    File 'Folder1_1_Level_1_Set_1_Files1_File_1' and id '01VY6XMNAPVT4M4KF4PBA2Q54QZVEDKFS5' created successfully.
2021-07-25 18:07:24.532 [INFO]    Upload complete, item ID: 01VY6XMNFLYGD7NALFI5G2M5XPRVULYMI7
2021-07-25 18:07:24.533 [INFO]    File 'Folder1_1_Level_1_Set_1_Files1_File_2' and id '01VY6XMNFLYGD7NALFI5G2M5XPRVULYMI7' created successfully.
2021-07-25 18:07:26.350 [INFO]    Upload complete, item ID: 01VY6XMNAKNHMDYJJPV5AKRUGLVYYW5UA5
2021-07-25 18:07:26.352 [INFO]    File 'Folder1_1_Level_1_Set_1_Files1_File_3' and id '01VY6XMNAKNHMDYJJPV5AKRUGLVYYW5UA5' created successfully.
2021-07-25 18:07:28.203 [INFO]    Upload complete, item ID: 01VY6XMNFSK3TZYVWRPNHZ4NWWMYAPKP3V
2021-07-25 18:07:28.205 [INFO]    File 'Folder1_1_Level_1_Set_1_Files1_File_4' and id '01VY6XMNFSK3TZYVWRPNHZ4NWWMYAPKP3V' created successfully.
2021-07-25 18:07:29.753 [INFO]    Upload complete, item ID: 01VY6XMNAZRISJDX2UHVAI2OY7OQKDQD47
2021-07-25 18:07:29.754 [INFO]    File 'Folder1_1_Level_1_Set_1_Files1_File_5' and id '01VY6XMNAZRISJDX2UHVAI2OY7OQKDQD47' created successfully.
2021-07-25 18:07:31.308 [INFO]    Upload complete, item ID: 01VY6XMND74CSODACJ35HIGLCHQ73ULVOG
2021-07-25 18:07:31.309 [INFO]    File 'Folder1_1_Level_1_Set_1_Files1_File_6' and id '01VY6XMND74CSODACJ35HIGLCHQ73ULVOG' created successfully.
2021-07-25 18:07:33.495 [INFO]    Upload complete, item ID: 01VY6XMNEL7KHNLP55YRFLFXK7NW4MS3FM
2021-07-25 18:07:33.500 [INFO]    File 'Folder1_1_Level_2_Set_1_Files1_File_1' and id '01VY6XMNEL7KHNLP55YRFLFXK7NW4MS3FM' created successfully.
2021-07-25 18:07:35.556 [INFO]    Upload complete, item ID: 01VY6XMNFNIT7GCBRX7RCZOBRCU3MPJ36T
2021-07-25 18:07:35.560 [INFO]    File 'Folder1_1_Level_2_Set_1_Files1_File_2' and id '01VY6XMNFNIT7GCBRX7RCZOBRCU3MPJ36T' created successfully.
2021-07-25 18:07:37.229 [INFO]    Upload complete, item ID: 01VY6XMNF4VU7RMOACMRBY5GUSAMP2EKRU
2021-07-25 18:07:37.230 [INFO]    File 'Folder1_1_Level_2_Set_1_Files1_File_3' and id '01VY6XMNF4VU7RMOACMRBY5GUSAMP2EKRU' created successfully.
2021-07-25 18:07:53.464 [INFO]    Upload complete, item ID: 01VY6XMNEQSMD3ROOHBZCJ2S5C4ULCQMLY
2021-07-25 18:07:53.465 [INFO]    File 'Folder1_1_Level_2_Set_1_Files1_File_4' and id '01VY6XMNEQSMD3ROOHBZCJ2S5C4ULCQMLY' created successfully.
2021-07-25 18:07:55.044 [INFO]    Upload complete, item ID: 01VY6XMNCKUFJCAJPK45EIY5PONPVPJSN2
2021-07-25 18:07:55.046 [INFO]    File 'Folder1_1_Level_2_Set_1_Files1_File_5' and id '01VY6XMNCKUFJCAJPK45EIY5PONPVPJSN2' created successfully.
2021-07-25 18:07:56.811 [INFO]    Upload complete, item ID: 01VY6XMNDS3S2O6OQ23FEJNTSSQXJLEMMH
2021-07-25 18:07:56.813 [INFO]    File 'Folder1_1_Level_2_Set_1_Files1_File_6' and id '01VY6XMNDS3S2O6OQ23FEJNTSSQXJLEMMH' created successfully.
2021-07-25 18:07:59.431 [INFO]    Upload complete, item ID: 01VY6XMNFE7OLRTIN7MVHJIRXOOM6R5GIB
2021-07-25 18:07:59.435 [INFO]    File 'Folder1_1_Level_3_Set_1_Files1_File_1' and id '01VY6XMNFE7OLRTIN7MVHJIRXOOM6R5GIB' created successfully.
2021-07-25 18:08:02.854 [INFO]    Upload complete, item ID: 01VY6XMNGLQUKMLI6ONZF3WSXVRGIFJF2W
2021-07-25 18:08:02.857 [INFO]    File 'Folder1_1_Level_3_Set_1_Files1_File_2' and id '01VY6XMNGLQUKMLI6ONZF3WSXVRGIFJF2W' created successfully.
2021-07-25 18:08:06.089 [INFO]    Upload complete, item ID: 01VY6XMNCN3GZESQEOT5DIZER3EJEWDO3V
2021-07-25 18:08:06.091 [INFO]    File 'Folder1_1_Level_3_Set_1_Files1_File_3' and id '01VY6XMNCN3GZESQEOT5DIZER3EJEWDO3V' created successfully.
2021-07-25 18:08:07.903 [INFO]    Upload complete, item ID: 01VY6XMNFFRONTLSZ6AVHKOJ4BKIDZINWE
2021-07-25 18:08:07.904 [INFO]    File 'Folder1_1_Level_3_Set_1_Files1_File_4' and id '01VY6XMNFFRONTLSZ6AVHKOJ4BKIDZINWE' created successfully.
2021-07-25 18:08:22.435 [INFO]    Upload complete, item ID: 01VY6XMNBTMTTCS7BNFNCZQ36EUWWA67NZ
2021-07-25 18:08:22.436 [INFO]    File 'Folder1_1_Level_3_Set_1_Files1_File_5' and id '01VY6XMNBTMTTCS7BNFNCZQ36EUWWA67NZ' created successfully.
2021-07-25 18:08:24.293 [INFO]    Upload complete, item ID: 01VY6XMNHGN5Y5N73R7ZBZIM3QG3ZVVSAW
2021-07-25 18:08:24.295 [INFO]    File 'Folder1_1_Level_3_Set_1_Files1_File_6' and id '01VY6XMNHGN5Y5N73R7ZBZIM3QG3ZVVSAW' created successfully.
2021-07-25 18:08:26.097 [INFO]    Upload complete, item ID: 01VY6XMNF6I7VTJTCD6RGLXDBCTH5KT4G2
2021-07-25 18:08:26.099 [INFO]    File 'Folder1_2_Set_1_Files1_File_1' and id '01VY6XMNF6I7VTJTCD6RGLXDBCTH5KT4G2' created successfully.
2021-07-25 18:08:29.125 [INFO]    Upload complete, item ID: 01VY6XMNCT5UYBH3R5JBC2Y6LUTCXWKPZC
2021-07-25 18:08:29.127 [INFO]    File 'Folder1_2_Set_1_Files1_File_2' and id '01VY6XMNCT5UYBH3R5JBC2Y6LUTCXWKPZC' created successfully.
2021-07-25 18:08:31.602 [INFO]    Upload complete, item ID: 01VY6XMNFSY2OQKT4XCRE2HIETLY2JXLE5
2021-07-25 18:08:31.603 [INFO]    File 'Folder1_2_Set_1_Files1_File_3' and id '01VY6XMNFSY2OQKT4XCRE2HIETLY2JXLE5' created successfully.
2021-07-25 18:08:34.674 [INFO]    Upload complete, item ID: 01VY6XMNCD7VHP4RWM4NCKYL4M3HXZHECS
2021-07-25 18:08:34.676 [INFO]    File 'Folder1_2_Set_1_Files1_File_4' and id '01VY6XMNCD7VHP4RWM4NCKYL4M3HXZHECS' created successfully.
2021-07-25 18:08:36.046 [INFO]    Upload complete, item ID: 01VY6XMNDBSHEPF6CQZRALO6IPOMFWG3XW
2021-07-25 18:08:36.049 [INFO]    File 'Folder1_2_Set_1_Files1_File_5' and id '01VY6XMNDBSHEPF6CQZRALO6IPOMFWG3XW' created successfully.
2021-07-25 18:08:37.693 [INFO]    Upload complete, item ID: 01VY6XMNCRGMPPYFF2HFCYTWPD6IWFUAAO
2021-07-25 18:08:37.695 [INFO]    File 'Folder1_2_Set_1_Files1_File_6' and id '01VY6XMNCRGMPPYFF2HFCYTWPD6IWFUAAO' created successfully.
2021-07-25 18:08:39.908 [INFO]    Upload complete, item ID: 01VY6XMNDY6CCAWLR5JFH3JKRS3CYLLXIU
2021-07-25 18:08:39.911 [INFO]    File 'Folder1_2_Level_1_Set_1_Files1_File_1' and id '01VY6XMNDY6CCAWLR5JFH3JKRS3CYLLXIU' created successfully.
2021-07-25 18:08:41.889 [INFO]    Upload complete, item ID: 01VY6XMNCYD2JJA4FEM5C22ND7FK4OIJST
2021-07-25 18:08:41.893 [INFO]    File 'Folder1_2_Level_1_Set_1_Files1_File_2' and id '01VY6XMNCYD2JJA4FEM5C22ND7FK4OIJST' created successfully.
2021-07-25 18:08:43.532 [INFO]    Upload complete, item ID: 01VY6XMNDTHUIMWGPW5RHIBIOLORDYFI5V
2021-07-25 18:08:43.534 [INFO]    File 'Folder1_2_Level_1_Set_1_Files1_File_3' and id '01VY6XMNDTHUIMWGPW5RHIBIOLORDYFI5V' created successfully.
2021-07-25 18:08:45.435 [INFO]    Upload complete, item ID: 01VY6XMNECXHWC25O7QNCJYHQJ6WGKEUKC
2021-07-25 18:08:45.436 [INFO]    File 'Folder1_2_Level_1_Set_1_Files1_File_4' and id '01VY6XMNECXHWC25O7QNCJYHQJ6WGKEUKC' created successfully.
2021-07-25 18:08:47.159 [INFO]    Upload complete, item ID: 01VY6XMNC22TNSAT5TTJAKPBKD7TMUMJ7K
2021-07-25 18:08:47.164 [INFO]    File 'Folder1_2_Level_1_Set_1_Files1_File_5' and id '01VY6XMNC22TNSAT5TTJAKPBKD7TMUMJ7K' created successfully.
2021-07-25 18:08:48.987 [INFO]    Upload complete, item ID: 01VY6XMNESNWBLNBPBBVDIU3KSWKCIJ36Z
2021-07-25 18:08:48.989 [INFO]    File 'Folder1_2_Level_1_Set_1_Files1_File_6' and id '01VY6XMNESNWBLNBPBBVDIU3KSWKCIJ36Z' created successfully.
2021-07-25 18:08:51.171 [INFO]    Upload complete, item ID: 01VY6XMNEXBUSKWDX6DBBLYZFO35SY7WOH
2021-07-25 18:08:51.175 [INFO]    File 'Folder1_2_Level_2_Set_1_Files1_File_1' and id '01VY6XMNEXBUSKWDX6DBBLYZFO35SY7WOH' created successfully.
2021-07-25 18:08:52.820 [INFO]    Upload complete, item ID: 01VY6XMNCLAZFMBVNUYNBKNIGJL7NXEAVY
2021-07-25 18:08:52.822 [INFO]    File 'Folder1_2_Level_2_Set_1_Files1_File_2' and id '01VY6XMNCLAZFMBVNUYNBKNIGJL7NXEAVY' created successfully.
2021-07-25 18:08:57.179 [INFO]    Upload complete, item ID: 01VY6XMNG2GM263D6QBJHZOFWZ2UWGUPS4
2021-07-25 18:08:57.180 [INFO]    File 'Folder1_2_Level_2_Set_1_Files1_File_3' and id '01VY6XMNG2GM263D6QBJHZOFWZ2UWGUPS4' created successfully.
2021-07-25 18:08:58.580 [INFO]    Upload complete, item ID: 01VY6XMNDDQTOOJ7454RFJVHHELUF3LGG3
2021-07-25 18:08:58.581 [INFO]    File 'Folder1_2_Level_2_Set_1_Files1_File_4' and id '01VY6XMNDDQTOOJ7454RFJVHHELUF3LGG3' created successfully.
2021-07-25 18:09:01.347 [INFO]    Upload complete, item ID: 01VY6XMNGKMT2MW2V6EBA3JEFX365CFHS5
2021-07-25 18:09:01.349 [INFO]    File 'Folder1_2_Level_2_Set_1_Files1_File_5' and id '01VY6XMNGKMT2MW2V6EBA3JEFX365CFHS5' created successfully.
2021-07-25 18:09:03.237 [INFO]    Upload complete, item ID: 01VY6XMNAG5KELFDFAB5DYGA4SJSUGC6YE
2021-07-25 18:09:03.240 [INFO]    File 'Folder1_2_Level_2_Set_1_Files1_File_6' and id '01VY6XMNAG5KELFDFAB5DYGA4SJSUGC6YE' created successfully.
2021-07-25 18:09:05.218 [INFO]    Upload complete, item ID: 01VY6XMNFEGBMD7JDR5RDKZCCB6WMXBB4B
2021-07-25 18:09:05.224 [INFO]    File 'Folder1_2_Level_3_Set_1_Files1_File_1' and id '01VY6XMNFEGBMD7JDR5RDKZCCB6WMXBB4B' created successfully.
2021-07-25 18:09:06.980 [INFO]    Upload complete, item ID: 01VY6XMNBXH567L6VNEJFJ52D2F4SYZP7M
2021-07-25 18:09:06.983 [INFO]    File 'Folder1_2_Level_3_Set_1_Files1_File_2' and id '01VY6XMNBXH567L6VNEJFJ52D2F4SYZP7M' created successfully.
2021-07-25 18:09:08.566 [INFO]    Upload complete, item ID: 01VY6XMNESHKEMZTJHDBDLIET2KRFVKFYJ
2021-07-25 18:09:08.567 [INFO]    File 'Folder1_2_Level_3_Set_1_Files1_File_3' and id '01VY6XMNESHKEMZTJHDBDLIET2KRFVKFYJ' created successfully.
2021-07-25 18:09:16.274 [INFO]    Upload complete, item ID: 01VY6XMNCKGLA5WXLIE5E3CTRY2SEC66VX
2021-07-25 18:09:16.276 [INFO]    File 'Folder1_2_Level_3_Set_1_Files1_File_4' and id '01VY6XMNCKGLA5WXLIE5E3CTRY2SEC66VX' created successfully.
2021-07-25 18:09:18.255 [INFO]    Upload complete, item ID: 01VY6XMNAQW4BK6CFDGNB3R3I4RPUX7LXX
2021-07-25 18:09:18.258 [INFO]    File 'Folder1_2_Level_3_Set_1_Files1_File_5' and id '01VY6XMNAQW4BK6CFDGNB3R3I4RPUX7LXX' created successfully.
2021-07-25 18:09:20.489 [INFO]    Upload complete, item ID: 01VY6XMNH7TDCGFSGOYJB3E4DKU4VLV44I
2021-07-25 18:09:20.491 [INFO]    File 'Folder1_2_Level_3_Set_1_Files1_File_6' and id '01VY6XMNH7TDCGFSGOYJB3E4DKU4VLV44I' created successfully.
2021-07-25 18:09:21.612 [INFO]    Upload complete, item ID: 01VY6XMNGXJRKRKIS2FZFJXQ2AQAZOVQCL
2021-07-25 18:09:21.614 [INFO]    File 'Folder3_1_Set_1_Files1_File_1' and id '01VY6XMNGXJRKRKIS2FZFJXQ2AQAZOVQCL' created successfully.
2021-07-25 18:09:23.332 [INFO]    Upload complete, item ID: 01VY6XMNDLLJGRFRVUDFDK5VKTOB35L7JU
2021-07-25 18:09:23.334 [INFO]    File 'Folder3_1_Level_1_Set_1_Files1_File_1' and id '01VY6XMNDLLJGRFRVUDFDK5VKTOB35L7JU' created successfully.
2021-07-25 18:09:24.691 [INFO]    Upload complete, item ID: 01VY6XMNA2FNYPUW4VO5EJYMCFHBA2AGK2
2021-07-25 18:09:24.692 [INFO]    File 'Folder3_1_Level_2_Set_1_Files1_File_1' and id '01VY6XMNA2FNYPUW4VO5EJYMCFHBA2AGK2' created successfully.
2021-07-25 18:09:25.887 [INFO]    Upload complete, item ID: 01VY6XMNEZTMUNUFYYWRG2UQYAFL3VB6T2
2021-07-25 18:09:25.891 [INFO]    File 'Folder3_1_Level_3_Set_1_Files1_File_1' and id '01VY6XMNEZTMUNUFYYWRG2UQYAFL3VB6T2' created successfully.
2021-07-25 18:09:27.080 [INFO]    Upload complete, item ID: 01VY6XMNF3UGKEK3XA4RBJC2ES37ZF2ZS4
2021-07-25 18:09:27.082 [INFO]    File 'Folder3_1_Level_4_Set_1_Files1_File_1' and id '01VY6XMNF3UGKEK3XA4RBJC2ES37ZF2ZS4' created successfully.
2021-07-25 18:09:28.312 [INFO]    Upload complete, item ID: 01VY6XMND2ZXPJEV23MNCK7FRFQXWES22Q
2021-07-25 18:09:28.317 [INFO]    File 'Folder3_1_Level_5_Set_1_Files1_File_1' and id '01VY6XMND2ZXPJEV23MNCK7FRFQXWES22Q' created successfully.
2021-07-25 18:09:29.499 [INFO]    Upload complete, item ID: 01VY6XMNDYV3LK7HUZGBGLVTMETDGPZVKP
2021-07-25 18:09:29.501 [INFO]    File 'Folder3_2_Set_1_Files1_File_1' and id '01VY6XMNDYV3LK7HUZGBGLVTMETDGPZVKP' created successfully.
2021-07-25 18:09:30.768 [INFO]    Upload complete, item ID: 01VY6XMNGT3YI4LR432FCII2DEJNQ6GBJ2
2021-07-25 18:09:30.773 [INFO]    File 'Folder3_2_Level_1_Set_1_Files1_File_1' and id '01VY6XMNGT3YI4LR432FCII2DEJNQ6GBJ2' created successfully.
2021-07-25 18:09:32.390 [INFO]    Upload complete, item ID: 01VY6XMNFEBK4LJRZ5UNALRK7NTPFRFGTD
2021-07-25 18:09:32.392 [INFO]    File 'Folder3_2_Level_2_Set_1_Files1_File_1' and id '01VY6XMNFEBK4LJRZ5UNALRK7NTPFRFGTD' created successfully.
2021-07-25 18:09:33.669 [INFO]    Upload complete, item ID: 01VY6XMNBEDWSQTYZAAJHI66IQEIKAYS5J
2021-07-25 18:09:33.671 [INFO]    File 'Folder3_2_Level_3_Set_1_Files1_File_1' and id '01VY6XMNBEDWSQTYZAAJHI66IQEIKAYS5J' created successfully.
2021-07-25 18:09:35.088 [INFO]    Upload complete, item ID: 01VY6XMNEDJGWM7W65TVC3P46LIYOFCIXA
2021-07-25 18:09:35.089 [INFO]    File 'Folder3_2_Level_4_Set_1_Files1_File_1' and id '01VY6XMNEDJGWM7W65TVC3P46LIYOFCIXA' created successfully.
2021-07-25 18:09:36.961 [INFO]    Upload complete, item ID: 01VY6XMNDA54FQ4KSGRRFJJED7E55AXOU2
2021-07-25 18:09:36.963 [INFO]    File 'Folder3_2_Level_5_Set_1_Files1_File_1' and id '01VY6XMNDA54FQ4KSGRRFJJED7E55AXOU2' created successfully.
2021-07-25 18:09:38.558 [INFO]    Upload complete, item ID: 01VY6XMNFNKIJE7V4H3BHLAQLTKNS2NIBR
2021-07-25 18:09:38.560 [INFO]    File 'Folder3_3_Set_1_Files1_File_1' and id '01VY6XMNFNKIJE7V4H3BHLAQLTKNS2NIBR' created successfully.
2021-07-25 18:09:39.797 [INFO]    Upload complete, item ID: 01VY6XMNDJLNAHK5YDUNBLHU6GLB3B4GUR
2021-07-25 18:09:39.799 [INFO]    File 'Folder3_3_Level_1_Set_1_Files1_File_1' and id '01VY6XMNDJLNAHK5YDUNBLHU6GLB3B4GUR' created successfully.
2021-07-25 18:09:41.172 [INFO]    Upload complete, item ID: 01VY6XMNENSBEKRCYKD5FKLGEQDO3NDLI2
2021-07-25 18:09:41.174 [INFO]    File 'Folder3_3_Level_2_Set_1_Files1_File_1' and id '01VY6XMNENSBEKRCYKD5FKLGEQDO3NDLI2' created successfully.
2021-07-25 18:09:42.556 [INFO]    Upload complete, item ID: 01VY6XMNBIE3SWOYIA2ZDI32OQZRGLH2HN
2021-07-25 18:09:42.558 [INFO]    File 'Folder3_3_Level_3_Set_1_Files1_File_1' and id '01VY6XMNBIE3SWOYIA2ZDI32OQZRGLH2HN' created successfully.
2021-07-25 18:09:43.845 [INFO]    Upload complete, item ID: 01VY6XMNCSVQM7TSGXSNHI5TJZVV3QVIHM
2021-07-25 18:09:43.847 [INFO]    File 'Folder3_3_Level_4_Set_1_Files1_File_1' and id '01VY6XMNCSVQM7TSGXSNHI5TJZVV3QVIHM' created successfully.
2021-07-25 18:09:45.248 [INFO]    Upload complete, item ID: 01VY6XMNF6NRNIZIYY3FEYWJ3ASNVBW5Y2
2021-07-25 18:09:45.250 [INFO]    File 'Folder3_3_Level_5_Set_1_Files1_File_1' and id '01VY6XMNF6NRNIZIYY3FEYWJ3ASNVBW5Y2' created successfully.
2021-07-25 18:09:46.573 [INFO]    Upload complete, item ID: 01VY6XMNDIMIIHUNWLV5D2B5RSQLUO74PH
2021-07-25 18:09:46.575 [INFO]    File 'Folder3_4_Set_1_Files1_File_1' and id '01VY6XMNDIMIIHUNWLV5D2B5RSQLUO74PH' created successfully.
2021-07-25 18:09:47.811 [INFO]    Upload complete, item ID: 01VY6XMNDPICA5JZK5KBAIXF55MLJTBFJN
2021-07-25 18:09:47.812 [INFO]    File 'Folder3_4_Level_1_Set_1_Files1_File_1' and id '01VY6XMNDPICA5JZK5KBAIXF55MLJTBFJN' created successfully.
2021-07-25 18:09:49.247 [INFO]    Upload complete, item ID: 01VY6XMNA7GHKABPCKMJAJDTOGHIX7656Q
2021-07-25 18:09:49.249 [INFO]    File 'Folder3_4_Level_2_Set_1_Files1_File_1' and id '01VY6XMNA7GHKABPCKMJAJDTOGHIX7656Q' created successfully.
2021-07-25 18:09:50.482 [INFO]    Upload complete, item ID: 01VY6XMNHRCKKLNEJ6GFHLX6MVLA6WAOL5
2021-07-25 18:09:50.483 [INFO]    File 'Folder3_4_Level_3_Set_1_Files1_File_1' and id '01VY6XMNHRCKKLNEJ6GFHLX6MVLA6WAOL5' created successfully.
2021-07-25 18:09:51.765 [INFO]    Upload complete, item ID: 01VY6XMNEBAHANU3ZAMRHZSFENL7SMF75S
2021-07-25 18:09:51.767 [INFO]    File 'Folder3_4_Level_4_Set_1_Files1_File_1' and id '01VY6XMNEBAHANU3ZAMRHZSFENL7SMF75S' created successfully.
2021-07-25 18:09:53.001 [INFO]    Upload complete, item ID: 01VY6XMNFHHZJMJLQQZVDJW6KM54QWQB2R
2021-07-25 18:09:53.003 [INFO]    File 'Folder3_4_Level_5_Set_1_Files1_File_1' and id '01VY6XMNFHHZJMJLQQZVDJW6KM54QWQB2R' created successfully.
2021-07-25 18:09:54.282 [INFO]    Upload complete, item ID: 01VY6XMNDHFWLDIKEF7VEZGOQE22A3I2FS
2021-07-25 18:09:54.283 [INFO]    File 'Folder3_5_Set_1_Files1_File_1' and id '01VY6XMNDHFWLDIKEF7VEZGOQE22A3I2FS' created successfully.
2021-07-25 18:09:55.498 [INFO]    Upload complete, item ID: 01VY6XMNDJ3UKFFW3OARAK3S2Z3POGK27B
2021-07-25 18:09:55.499 [INFO]    File 'Folder3_5_Level_1_Set_1_Files1_File_1' and id '01VY6XMNDJ3UKFFW3OARAK3S2Z3POGK27B' created successfully.
2021-07-25 18:09:56.712 [INFO]    Upload complete, item ID: 01VY6XMNE27K2ZNRPIENHINPPHEDM3XDHZ
2021-07-25 18:09:56.715 [INFO]    File 'Folder3_5_Level_2_Set_1_Files1_File_1' and id '01VY6XMNE27K2ZNRPIENHINPPHEDM3XDHZ' created successfully.
2021-07-25 18:09:58.014 [INFO]    Upload complete, item ID: 01VY6XMNBWTTQCK47KJ5E2YSVVUQJJHKMN
2021-07-25 18:09:58.016 [INFO]    File 'Folder3_5_Level_3_Set_1_Files1_File_1' and id '01VY6XMNBWTTQCK47KJ5E2YSVVUQJJHKMN' created successfully.
2021-07-25 18:09:59.259 [INFO]    Upload complete, item ID: 01VY6XMNFPUIMOAZKEOFHLZNWY5JGVF27Y
2021-07-25 18:09:59.261 [INFO]    File 'Folder3_5_Level_4_Set_1_Files1_File_1' and id '01VY6XMNFPUIMOAZKEOFHLZNWY5JGVF27Y' created successfully.
2021-07-25 18:10:01.263 [INFO]    Upload complete, item ID: 01VY6XMNGABJMHRQJEDVAJZNXRZTDWXVOA
2021-07-25 18:10:01.265 [INFO]    File 'Folder3_5_Level_5_Set_1_Files1_File_1' and id '01VY6XMNGABJMHRQJEDVAJZNXRZTDWXVOA' created successfully.
2021-07-25 18:10:01.270 [INFO]    OneDrive 'mohit_admin@dpo365backup.onmicrosoft.com' creation completed successfully.
