2021-07-25 18:03:28.286 Logs\MailboxCreationAutomation__2021-07-25 18-03-28-282.log is created.
2021-07-25 18:03:28.290 [INFO]    OneDrive 'mohit_admin@dpo365backup.onmicrosoft.com' creation started ...
2021-07-25 18:03:47.992 [INFO]    Upload complete, item ID: 01VY6XMNBQQR5CRSUER5A3HZMXHCCEO6WR
2021-07-25 18:03:47.995 [INFO]    File 'Folder1_1_Set_1_Files1_File_1' and id '01VY6XMNBQQR5CRSUER5A3HZMXHCCEO6WR' created successfully.
2021-07-25 18:03:49.717 [INFO]    Upload complete, item ID: 01VY6XMNANI5XFJIVTPVB3I2TDN7ZKJ6MC
2021-07-25 18:03:49.720 [INFO]    File 'Folder1_1_Set_1_Files1_File_2' and id '01VY6XMNANI5XFJIVTPVB3I2TDN7ZKJ6MC' created successfully.
2021-07-25 18:03:51.545 [INFO]    Upload complete, item ID: 01VY6XMNBSSZ5OQUX5TJBZD5FUQIVIB2CE
2021-07-25 18:03:51.547 [INFO]    File 'Folder1_1_Set_1_Files1_File_3' and id '01VY6XMNBSSZ5OQUX5TJBZD5FUQIVIB2CE' created successfully.
2021-07-25 18:03:53.255 [INFO]    Upload complete, item ID: 01VY6XMNFVFB3IJ65HERFYJ4LO4NZLQ4NM
2021-07-25 18:03:53.258 [INFO]    File 'Folder1_1_Set_1_Files1_File_4' and id '01VY6XMNFVFB3IJ65HERFYJ4LO4NZLQ4NM' created successfully.
2021-07-25 18:03:55.259 [INFO]    Upload complete, item ID: 01VY6XMNH7ZHI2ULG45BA3VJTOLB6BMXYV
2021-07-25 18:03:55.261 [INFO]    File 'Folder1_1_Set_1_Files1_File_5' and id '01VY6XMNH7ZHI2ULG45BA3VJTOLB6BMXYV' created successfully.
2021-07-25 18:03:57.549 [INFO]    Upload complete, item ID: 01VY6XMNB3I4TISDO5BBCIPE3U3BGYG6DD
2021-07-25 18:03:57.550 [INFO]    File 'Folder1_1_Set_1_Files1_File_6' and id '01VY6XMNB3I4TISDO5BBCIPE3U3BGYG6DD' created successfully.
2021-07-25 18:04:49.360 [INFO]    Upload complete, item ID: 01VY6XMNFL4SDWMBXPNVHKJRDWAMTI5EVY
2021-07-25 18:04:49.361 [INFO]    File 'Folder1_1_Level_1_Set_1_Files1_File_1' and id '01VY6XMNFL4SDWMBXPNVHKJRDWAMTI5EVY' created successfully.
2021-07-25 18:04:51.423 [INFO]    Upload complete, item ID: 01VY6XMNFLN4DO2KE3IFF2AE7HRBUJHHMM
2021-07-25 18:04:51.426 [INFO]    File 'Folder1_1_Level_1_Set_1_Files1_File_2' and id '01VY6XMNFLN4DO2KE3IFF2AE7HRBUJHHMM' created successfully.
2021-07-25 18:04:53.624 [INFO]    Upload complete, item ID: 01VY6XMNBJQKLLPVBEGRB2F3ANVYLKMBIL
2021-07-25 18:04:53.625 [INFO]    File 'Folder1_1_Level_1_Set_1_Files1_File_3' and id '01VY6XMNBJQKLLPVBEGRB2F3ANVYLKMBIL' created successfully.
2021-07-25 18:04:55.477 [INFO]    Upload complete, item ID: 01VY6XMNGTXMIW73CXPZBISN2YKN3PLUU6
2021-07-25 18:04:55.479 [INFO]    File 'Folder1_1_Level_1_Set_1_Files1_File_4' and id '01VY6XMNGTXMIW73CXPZBISN2YKN3PLUU6' created successfully.
2021-07-25 18:04:57.310 [INFO]    Upload complete, item ID: 01VY6XMNDVBOZBU3CMMVGKSMP75LP666ZT
2021-07-25 18:04:57.313 [INFO]    File 'Folder1_1_Level_1_Set_1_Files1_File_5' and id '01VY6XMNDVBOZBU3CMMVGKSMP75LP666ZT' created successfully.
2021-07-25 18:05:00.670 [INFO]    Upload complete, item ID: 01VY6XMNHFOEJBWBAWBVG3XVR27KQLJFZO
2021-07-25 18:05:00.673 [INFO]    File 'Folder1_1_Level_1_Set_1_Files1_File_6' and id '01VY6XMNHFOEJBWBAWBVG3XVR27KQLJFZO' created successfully.
2021-07-25 18:05:03.704 [INFO]    Upload complete, item ID: 01VY6XMNBXQLBRXBQDHBF3KLADUQXE7GJT
2021-07-25 18:05:03.708 [INFO]    File 'Folder1_1_Level_2_Set_1_Files1_File_1' and id '01VY6XMNBXQLBRXBQDHBF3KLADUQXE7GJT' created successfully.
2021-07-25 18:05:05.359 [INFO]    Upload complete, item ID: 01VY6XMNHWHMDXQIT545FL5EIMXU5XJ7QR
2021-07-25 18:05:05.361 [INFO]    File 'Folder1_1_Level_2_Set_1_Files1_File_2' and id '01VY6XMNHWHMDXQIT545FL5EIMXU5XJ7QR' created successfully.
2021-07-25 18:05:07.587 [INFO]    Upload complete, item ID: 01VY6XMNH2KCCLBBFTLNH2VUCQPXBZHCQI
2021-07-25 18:05:07.589 [INFO]    File 'Folder1_1_Level_2_Set_1_Files1_File_3' and id '01VY6XMNH2KCCLBBFTLNH2VUCQPXBZHCQI' created successfully.
2021-07-25 18:05:09.803 [INFO]    Upload complete, item ID: 01VY6XMNEI6EDDI52TJZHIQ4TMUUUO333J
2021-07-25 18:05:09.807 [INFO]    File 'Folder1_1_Level_2_Set_1_Files1_File_4' and id '01VY6XMNEI6EDDI52TJZHIQ4TMUUUO333J' created successfully.
2021-07-25 18:05:11.470 [INFO]    Upload complete, item ID: 01VY6XMNF2M2PAQYU2FJEIMQ24SCB5K2W2
2021-07-25 18:05:11.475 [INFO]    File 'Folder1_1_Level_2_Set_1_Files1_File_5' and id '01VY6XMNF2M2PAQYU2FJEIMQ24SCB5K2W2' created successfully.
2021-07-25 18:05:13.160 [INFO]    Upload complete, item ID: 01VY6XMNGN7C47ADGFPFCLFIGLA5TO2FN4
2021-07-25 18:05:13.163 [INFO]    File 'Folder1_1_Level_2_Set_1_Files1_File_6' and id '01VY6XMNGN7C47ADGFPFCLFIGLA5TO2FN4' created successfully.
2021-07-25 18:05:16.968 [INFO]    Upload complete, item ID: 01VY6XMNCZJX4OSOTRWRBZA252STFK5R6Q
2021-07-25 18:05:16.972 [INFO]    File 'Folder1_1_Level_3_Set_1_Files1_File_1' and id '01VY6XMNCZJX4OSOTRWRBZA252STFK5R6Q' created successfully.
2021-07-25 18:05:19.070 [INFO]    Upload complete, item ID: 01VY6XMNDRIFHSJPY7ZREYQQH77NP4INQP
2021-07-25 18:05:19.073 [INFO]    File 'Folder1_1_Level_3_Set_1_Files1_File_2' and id '01VY6XMNDRIFHSJPY7ZREYQQH77NP4INQP' created successfully.
2021-07-25 18:05:20.954 [INFO]    Upload complete, item ID: 01VY6XMNEYNXWC3IVA2FDJ5OLZC7Z4V5VL
2021-07-25 18:05:20.956 [INFO]    File 'Folder1_1_Level_3_Set_1_Files1_File_3' and id '01VY6XMNEYNXWC3IVA2FDJ5OLZC7Z4V5VL' created successfully.
2021-07-25 18:05:23.789 [INFO]    Upload complete, item ID: 01VY6XMNFLQZMYYZZQZVEYCVVX7BSSXTH3
2021-07-25 18:05:23.791 [INFO]    File 'Folder1_1_Level_3_Set_1_Files1_File_4' and id '01VY6XMNFLQZMYYZZQZVEYCVVX7BSSXTH3' created successfully.
2021-07-25 18:05:26.303 [INFO]    Upload complete, item ID: 01VY6XMNAEKUDMX7TCWRCZD43F3QBNMH6K
2021-07-25 18:05:26.305 [INFO]    File 'Folder1_1_Level_3_Set_1_Files1_File_5' and id '01VY6XMNAEKUDMX7TCWRCZD43F3QBNMH6K' created successfully.
2021-07-25 18:05:28.154 [INFO]    Upload complete, item ID: 01VY6XMNDVHLIWTIBINNEI3JYK5HFJT5H7
2021-07-25 18:05:28.156 [INFO]    File 'Folder1_1_Level_3_Set_1_Files1_File_6' and id '01VY6XMNDVHLIWTIBINNEI3JYK5HFJT5H7' created successfully.
2021-07-25 18:05:30.470 [INFO]    Upload complete, item ID: 01VY6XMNFXP4ZJOMZWJVAY3IP7PASPPH7E
2021-07-25 18:05:30.473 [INFO]    File 'Folder1_2_Set_1_Files1_File_1' and id '01VY6XMNFXP4ZJOMZWJVAY3IP7PASPPH7E' created successfully.
2021-07-25 18:05:32.846 [INFO]    Upload complete, item ID: 01VY6XMNCIGZKCCQ4OLVGLAD66KYS5GTLK
2021-07-25 18:05:32.847 [INFO]    File 'Folder1_2_Set_1_Files1_File_2' and id '01VY6XMNCIGZKCCQ4OLVGLAD66KYS5GTLK' created successfully.
2021-07-25 18:05:34.387 [INFO]    Upload complete, item ID: 01VY6XMNGBJEZZP4TH7ZDZOVQA33NVABXQ
2021-07-25 18:05:34.391 [INFO]    File 'Folder1_2_Set_1_Files1_File_3' and id '01VY6XMNGBJEZZP4TH7ZDZOVQA33NVABXQ' created successfully.
